2026-03-27 15:08:30,173 - data_preprocessing - DEBUG - Data loaded properly
2026-03-27 15:08:30,174 - data_preprocessing - DEBUG - Starting preprocessing for DataFrame
2026-03-27 15:08:30,176 - data_preprocessing - DEBUG - Target column encoded
2026-03-27 15:08:30,182 - data_preprocessing - DEBUG - Duplicates removed
2026-03-27 15:08:30,185 - data_preprocessing - ERROR - Error during text normalization: 
**********************************************************************
  Resource 'punkt_tab' not found.
  Please use the NLTK Downloader to obtain the resource:

  >>> import nltk
  >>> nltk.download('punkt_tab')

  For more information see: https://www.nltk.org/data.html

  Attempted to load 'tokenizers/punkt_tab/english/'

  Searched in:
    - 'C:\\Users\\ratha/nltk_data'
    - 'C:\\Users\\ratha\\AppData\\Local\\Programs\\Python\\Python310\\nltk_data'
    - 'C:\\Users\\ratha\\AppData\\Local\\Programs\\Python\\Python310\\share\\nltk_data'
    - 'C:\\Users\\ratha\\AppData\\Local\\Programs\\Python\\Python310\\lib\\nltk_data'
    - 'C:\\Users\\ratha\\AppData\\Roaming\\nltk_data'
    - 'C:\\nltk_data'
    - 'D:\\nltk_data'
    - 'E:\\nltk_data'
**********************************************************************

2026-03-27 15:08:30,202 - data_preprocessing - ERROR - Failed to complete the data transformation process: 
**********************************************************************
  Resource 'punkt_tab' not found.
  Please use the NLTK Downloader to obtain the resource:

  >>> import nltk
  >>> nltk.download('punkt_tab')

  For more information see: https://www.nltk.org/data.html

  Attempted to load 'tokenizers/punkt_tab/english/'

  Searched in:
    - 'C:\\Users\\ratha/nltk_data'
    - 'C:\\Users\\ratha\\AppData\\Local\\Programs\\Python\\Python310\\nltk_data'
    - 'C:\\Users\\ratha\\AppData\\Local\\Programs\\Python\\Python310\\share\\nltk_data'
    - 'C:\\Users\\ratha\\AppData\\Local\\Programs\\Python\\Python310\\lib\\nltk_data'
    - 'C:\\Users\\ratha\\AppData\\Roaming\\nltk_data'
    - 'C:\\nltk_data'
    - 'D:\\nltk_data'
    - 'E:\\nltk_data'
**********************************************************************

2026-03-27 15:10:37,366 - data_preprocessing - DEBUG - Data loaded properly
2026-03-27 15:10:37,366 - data_preprocessing - DEBUG - Starting preprocessing for DataFrame
2026-03-27 15:10:37,369 - data_preprocessing - DEBUG - Target column encoded
2026-03-27 15:10:37,372 - data_preprocessing - DEBUG - Duplicates removed
2026-03-27 15:11:29,197 - data_preprocessing - DEBUG - Text column transformed
2026-03-27 15:11:29,198 - data_preprocessing - DEBUG - Starting preprocessing for DataFrame
2026-03-27 15:11:29,199 - data_preprocessing - DEBUG - Target column encoded
2026-03-27 15:11:29,201 - data_preprocessing - DEBUG - Duplicates removed
2026-03-27 15:11:41,866 - data_preprocessing - DEBUG - Text column transformed
2026-03-27 15:11:41,897 - data_preprocessing - DEBUG - Processed data saved to ./data\interim
2026-03-28 09:45:46,807 - data_preprocessing - DEBUG - Data loaded properly
2026-03-28 09:45:46,808 - data_preprocessing - DEBUG - Starting preprocessing for DataFrame
2026-03-28 09:45:46,810 - data_preprocessing - DEBUG - Target column encoded
2026-03-28 09:45:46,815 - data_preprocessing - DEBUG - Duplicates removed
2026-03-28 09:46:39,401 - data_preprocessing - DEBUG - Text column transformed
2026-03-28 09:46:39,402 - data_preprocessing - DEBUG - Starting preprocessing for DataFrame
2026-03-28 09:46:39,403 - data_preprocessing - DEBUG - Target column encoded
2026-03-28 09:46:39,404 - data_preprocessing - DEBUG - Duplicates removed
2026-03-28 09:46:53,382 - data_preprocessing - DEBUG - Text column transformed
2026-03-28 09:46:53,404 - data_preprocessing - DEBUG - Processed data saved to ./data\interim
2026-03-28 10:05:53,579 - data_preprocessing - DEBUG - Data loaded properly
2026-03-28 10:05:53,580 - data_preprocessing - DEBUG - Starting preprocessing for DataFrame
2026-03-28 10:05:53,582 - data_preprocessing - DEBUG - Target column encoded
2026-03-28 10:05:53,586 - data_preprocessing - DEBUG - Duplicates removed
2026-03-28 10:06:40,243 - data_preprocessing - DEBUG - Text column transformed
2026-03-28 10:06:40,243 - data_preprocessing - DEBUG - Starting preprocessing for DataFrame
2026-03-28 10:06:40,244 - data_preprocessing - DEBUG - Target column encoded
2026-03-28 10:06:40,245 - data_preprocessing - DEBUG - Duplicates removed
2026-03-28 10:06:49,399 - data_preprocessing - DEBUG - Text column transformed
2026-03-28 10:06:49,409 - data_preprocessing - DEBUG - Processed data saved to ./data\interim
2026-03-28 10:19:57,947 - data_preprocessing - DEBUG - Data loaded properly
2026-03-28 10:19:57,947 - data_preprocessing - DEBUG - Starting preprocessing for DataFrame
2026-03-28 10:19:57,949 - data_preprocessing - DEBUG - Target column encoded
2026-03-28 10:19:57,956 - data_preprocessing - DEBUG - Duplicates removed
2026-03-28 10:20:40,236 - data_preprocessing - DEBUG - Text column transformed
2026-03-28 10:20:40,237 - data_preprocessing - DEBUG - Starting preprocessing for DataFrame
2026-03-28 10:20:40,237 - data_preprocessing - DEBUG - Target column encoded
2026-03-28 10:20:40,238 - data_preprocessing - DEBUG - Duplicates removed
2026-03-28 10:20:55,316 - data_preprocessing - DEBUG - Text column transformed
2026-03-28 10:20:55,326 - data_preprocessing - DEBUG - Processed data saved to ./data\interim
