2026-03-27 14:48:19,278 - data_ingestion - ERROR - File not found: params.yaml
2026-03-27 14:48:19,279 - data_ingestion - ERROR - Failed to complete the data ingestion process: [Errno 2] No such file or directory: 'params.yaml'
2026-03-27 14:50:04,744 - data_ingestion - DEBUG - Data loaded from https://raw.githubusercontent.com/vikashishere/Datasets/main/spam.csv
2026-03-27 14:50:04,754 - data_ingestion - DEBUG - Data preprocessing completed
2026-03-27 14:50:04,806 - data_ingestion - DEBUG - Train and test data saved to ./data\raw
2026-03-28 09:45:42,202 - data_ingestion - DEBUG - Data loaded from https://raw.githubusercontent.com/vikashishere/Datasets/main/spam.csv
2026-03-28 09:45:42,211 - data_ingestion - DEBUG - Data preprocessing completed
2026-03-28 09:45:42,261 - data_ingestion - DEBUG - Train and test data saved to ./data\raw
2026-03-28 10:03:53,299 - data_ingestion - DEBUG - Parameters retrieved from params.yaml
2026-03-28 10:03:53,804 - data_ingestion - DEBUG - Data loaded from https://raw.githubusercontent.com/vikashishere/Datasets/main/spam.csv
2026-03-28 10:03:53,806 - data_ingestion - DEBUG - Data preprocessing completed
2026-03-28 10:03:53,836 - data_ingestion - DEBUG - Train and test data saved to ./data\raw
2026-03-28 10:05:50,002 - data_ingestion - DEBUG - Parameters retrieved from params.yaml
2026-03-28 10:05:50,224 - data_ingestion - DEBUG - Data loaded from https://raw.githubusercontent.com/vikashishere/Datasets/main/spam.csv
2026-03-28 10:05:50,226 - data_ingestion - DEBUG - Data preprocessing completed
2026-03-28 10:05:50,255 - data_ingestion - DEBUG - Train and test data saved to ./data\raw
2026-03-28 10:19:53,741 - data_ingestion - DEBUG - Parameters retrieved from params.yaml
2026-03-28 10:19:54,591 - data_ingestion - DEBUG - Data loaded from https://raw.githubusercontent.com/vikashishere/Datasets/main/spam.csv
2026-03-28 10:19:54,593 - data_ingestion - DEBUG - Data preprocessing completed
2026-03-28 10:19:54,621 - data_ingestion - DEBUG - Train and test data saved to ./data\raw
